Added Component: Designator=TP401(TestPoint)
Add component (AddParameter): Name = "Category"; Value = "TestPoint"; VariantName = "[No Variations]"
Added Component: Designator=TP402(TestPoint)
Add component (AddParameter): Name = "Category"; Value = "TestPoint"; VariantName = "[No Variations]"
Added Component: Designator=TP403(TestPoint)
Add component (AddParameter): Name = "Category"; Value = "TestPoint"; VariantName = "[No Variations]"
Added Component: Designator=TP404(TestPoint)
Add component (AddParameter): Name = "Category"; Value = "TestPoint"; VariantName = "[No Variations]"
Added Component: Designator=TP405(TestPoint)
Add component (AddParameter): Name = "Category"; Value = "TestPoint"; VariantName = "[No Variations]"
Added Component: Designator=TP406(TestPoint)
Add component (AddParameter): Name = "Category"; Value = "TestPoint"; VariantName = "[No Variations]"
Added Component: Designator=TP407(TestPoint)
Add component (AddParameter): Name = "Category"; Value = "TestPoint"; VariantName = "[No Variations]"
Added Component: Designator=TP408(TestPoint)
Add component (AddParameter): Name = "Category"; Value = "TestPoint"; VariantName = "[No Variations]"
Added Component: Designator=TP411(TestPoint)
Add component (AddParameter): Name = "Category"; Value = "TestPoint"; VariantName = "[No Variations]"
Added Component: Designator=TP412(TestPoint)
Add component (AddParameter): Name = "Category"; Value = "TestPoint"; VariantName = "[No Variations]"
Added Component: Designator=TP413(TestPoint)
Add component (AddParameter): Name = "Category"; Value = "TestPoint"; VariantName = "[No Variations]"
Added Component: Designator=TP414(TestPoint)
Add component (AddParameter): Name = "Category"; Value = "TestPoint"; VariantName = "[No Variations]"
Added Component: Designator=TP415(TestPoint)
Add component (AddParameter): Name = "Category"; Value = "TestPoint"; VariantName = "[No Variations]"
Added Component: Designator=TP416(TestPoint)
Add component (AddParameter): Name = "Category"; Value = "TestPoint"; VariantName = "[No Variations]"
Added Component: Designator=TP417(TestPoint)
Add component (AddParameter): Name = "Category"; Value = "TestPoint"; VariantName = "[No Variations]"
Added Component: Designator=TP418(TestPoint)
Add component (AddParameter): Name = "Category"; Value = "TestPoint"; VariantName = "[No Variations]"
Added Component: Designator=U201(U_PIC18F2685)
Add component (AddParameter): Name = "Access Time"; Value = "40us"; VariantName = "[No Variations]"
Add component (AddParameter): Name = "Case/Package"; Value = "SOIC"; VariantName = "[No Variations]"
Add component (AddParameter): Name = "Category"; Value = "Microcontrollers"; VariantName = "[No Variations]"
Add component (AddParameter): Name = "ComponentLink1Description"; Value = "https://datasheet.ciiva.com/9244/jp026433-9244309.pdf?src-supplier=Avnet"; VariantName = "[No Variations]"
Add component (AddParameter): Name = "ComponentLink1URL"; Value = "https://datasheet.ciiva.com/9244/jp026433-9244309.pdf?src-supplier=Avnet"; VariantName = "[No Variations]"
Add component (AddParameter): Name = "ComponentLink2Description"; Value = "https://datasheet.ciiva.com/7892/721078-7892299.pdf?src-supplier=Element14"; VariantName = "[No Variations]"
Add component (AddParameter): Name = "ComponentLink2URL"; Value = "https://datasheet.ciiva.com/7892/721078-7892299.pdf?src-supplier=Element14"; VariantName = "[No Variations]"
Add component (AddParameter): Name = "ComponentLink3Description"; Value = "https://datasheet.ciiva.com/1584/39761c-1584094.pdf?src-supplier=Digi-Key"; VariantName = "[No Variations]"
Add component (AddParameter): Name = "ComponentLink3URL"; Value = "https://datasheet.ciiva.com/1584/39761c-1584094.pdf?src-supplier=Digi-Key"; VariantName = "[No Variations]"
Add component (AddParameter): Name = "Core Architecture"; Value = "PIC"; VariantName = "[No Variations]"
Add component (AddParameter): Name = "Data Bus Width"; Value = "8b"; VariantName = "[No Variations]"
Add component (AddParameter): Name = "Frequency"; Value = "40MHz"; VariantName = "[No Variations]"
Add component (AddParameter): Name = "Height"; Value = "2.35mm"; VariantName = "[No Variations]"
Add component (AddParameter): Name = "Interface"; Value = "I2C,SPI,CAN,UART,USART"; VariantName = "[No Variations]"
Add component (AddParameter): Name = "Lead Free"; Value = "Lead Free"; VariantName = "[No Variations]"
Add component (AddParameter): Name = "Length"; Value = "17.9mm"; VariantName = "[No Variations]"
Add component (AddParameter): Name = "Manufacturer 1"; Value = "Microchip"; VariantName = "[No Variations]"
Add component (AddParameter): Name = "Manufacturer Part Number 1"; Value = "PIC18F2685-E/SO"; VariantName = "[No Variations]"
Add component (AddParameter): Name = "Max Frequency"; Value = "40MHz"; VariantName = "[No Variations]"
Add component (AddParameter): Name = "Max Operating Temperature"; Value = "125°C"; VariantName = "[No Variations]"
Add component (AddParameter): Name = "Max Power Dissipation"; Value = "1W"; VariantName = "[No Variations]"
Add component (AddParameter): Name = "Max Supply Voltage"; Value = "5.5V"; VariantName = "[No Variations]"
Add component (AddParameter): Name = "Memory Size"; Value = "96KB"; VariantName = "[No Variations]"
Add component (AddParameter): Name = "Memory Type"; Value = "FLASH"; VariantName = "[No Variations]"
Add component (AddParameter): Name = "Min Operating Temperature"; Value = "-40°C"; VariantName = "[No Variations]"
Add component (AddParameter): Name = "Min Supply Voltage"; Value = "2V"; VariantName = "[No Variations]"
Add component (AddParameter): Name = "Mount"; Value = "Surface Mount"; VariantName = "[No Variations]"
Add component (AddParameter): Name = "Number of ADC Channels"; Value = "8"; VariantName = "[No Variations]"
Add component (AddParameter): Name = "Number of I2C Channels"; Value = "1"; VariantName = "[No Variations]"
Add component (AddParameter): Name = "Number of I/Os"; Value = "25"; VariantName = "[No Variations]"
Add component (AddParameter): Name = "Number of Pins"; Value = "28"; VariantName = "[No Variations]"
Add component (AddParameter): Name = "Number of Programmable I/O"; Value = "28"; VariantName = "[No Variations]"
Add component (AddParameter): Name = "Number of SPI Channels"; Value = "1"; VariantName = "[No Variations]"
Add component (AddParameter): Name = "Number of Timers/Counters"; Value = "4"; VariantName = "[No Variations]"
Add component (AddParameter): Name = "Operating Supply Voltage"; Value = "5V"; VariantName = "[No Variations]"
Add component (AddParameter): Name = "Package Quantity"; Value = "27"; VariantName = "[No Variations]"
Add component (AddParameter): Name = "Packaging"; Value = "Rail/Tube"; VariantName = "[No Variations]"
Add component (AddParameter): Name = "Pricing 1"; Value = "81=12,58494 (USD)"; VariantName = "[No Variations]"
Add component (AddParameter): Name = "Radiation Hardening"; Value = "No"; VariantName = "[No Variations]"
Add component (AddParameter): Name = "RAM Size"; Value = "3.25KB"; VariantName = "[No Variations]"
Add component (AddParameter): Name = "REACH SVHC"; Value = "No SVHC"; VariantName = "[No Variations]"
Add component (AddParameter): Name = "RoHS"; Value = "Yes"; VariantName = "[No Variations]"
Add component (AddParameter): Name = "RoHS Compliant"; Value = "Yes"; VariantName = "[No Variations]"
Add component (AddParameter): Name = "Supplier 1"; Value = "Digi-Key"; VariantName = "[No Variations]"
Add component (AddParameter): Name = "Supplier Part Number 1"; Value = "PIC18F2685-E/SO-ND"; VariantName = "[No Variations]"
Add component (AddParameter): Name = "Watchdog Timer"; Value = "Yes"; VariantName = "[No Variations]"
Add component (AddParameter): Name = "Width"; Value = "7.5mm"; VariantName = "[No Variations]"
Added Pin To Net: NetName=NetJ201_1 Pin=U201-1
Added Pin To Net: NetName=NetC401_2 Pin=U201-2
Added Pin To Net: NetName=NetC402_2 Pin=U201-3
Added Pin To Net: NetName=NetC403_2 Pin=U201-4
Added Pin To Net: NetName=NetC404_2 Pin=U201-5
Added Pin To Net: NetName=GND Pin=U201-6
Added Pin To Net: NetName=NetC405_2 Pin=U201-7
Added Pin To Net: NetName=GND Pin=U201-8
Added Pin To Net: NetName=NetC201_1 Pin=U201-9
Added Pin To Net: NetName=NetC202_1 Pin=U201-10
Added Pin To Net: NetName=LED_CAN2 Pin=U201-11
Added Pin To Net: NetName=LED_pic Pin=U201-12
Added Pin To Net: NetName=LED_aux Pin=U201-13
Added Pin To Net: NetName=LED_error Pin=U201-14
Added Pin To Net: NetName=GND Pin=U201-15
Added Pin To Net: NetName=GND Pin=U201-16
Added Pin To Net: NetName=EUSART_TX Pin=U201-17
Added Pin To Net: NetName=EUSART_RX Pin=U201-18
Added Pin To Net: NetName=GND Pin=U201-19
Added Pin To Net: NetName=+5 Pin=U201-20
Added Pin To Net: NetName=NetR408_2 Pin=U201-21
Added Pin To Net: NetName=NetR407_2 Pin=U201-22
Added Pin To Net: NetName=NetTP302_1 Pin=U201-23
Added Pin To Net: NetName=NetTP301_1 Pin=U201-24
Added Pin To Net: NetName=NetC406_2 Pin=U201-25
Added Pin To Net: NetName=GND Pin=U201-26
Added Pin To Net: NetName=PGC Pin=U201-27
Added Pin To Net: NetName=PGD Pin=U201-28
Added Member To Class: ClassName=Designator Member=Component TP401 TestPoint
Added Member To Class: ClassName=Designator Member=Component TP402 TestPoint
Added Member To Class: ClassName=Designator Member=Component TP403 TestPoint
Added Member To Class: ClassName=Designator Member=Component TP404 TestPoint
Added Member To Class: ClassName=Designator Member=Component TP405 TestPoint
Added Member To Class: ClassName=Designator Member=Component TP406 TestPoint
Added Member To Class: ClassName=Designator Member=Component TP407 TestPoint
Added Member To Class: ClassName=Designator Member=Component TP408 TestPoint
Added Member To Class: ClassName=Designator Member=Component TP411 TestPoint
Added Member To Class: ClassName=Designator Member=Component TP412 TestPoint
Added Member To Class: ClassName=Designator Member=Component TP413 TestPoint
Added Member To Class: ClassName=Designator Member=Component TP414 TestPoint
Added Member To Class: ClassName=Designator Member=Component TP415 TestPoint
Added Member To Class: ClassName=Designator Member=Component TP416 TestPoint
Added Member To Class: ClassName=Designator Member=Component TP417 TestPoint
Added Member To Class: ClassName=Designator Member=Component TP418 TestPoint
