Add Component: Footprint Not Found 0805_2x1.25x0.8mm_Reflow Soldering
Add Component: Footprint Not Found 0805_2x1.25x0.8mm_Reflow Soldering
Add Component: Footprint Not Found DCDC_42-5_V
Add Component: Footprint Not Found J-N2x8_V
Add Component: Footprint Not Found J_Bootloader_PIC
Add Component: Footprint Not Found CR0805
Add Component: Footprint Not Found CR0805
Add Pin To Net: Unknown Pin: Pin C601-1
Add Pin To Net: Unknown Pin: Pin C601-2
Add Pin To Net: Unknown Pin: Pin C602-1
Add Pin To Net: Unknown Pin: Pin C602-2
Add Pin To Net: Unknown Pin: Pin DCDC1-1
Add Pin To Net: Unknown Pin: Pin DCDC1-2
Add Pin To Net: Unknown Pin: Pin DCDC1-3
Add Pin To Net: Unknown Pin: Pin J1-1
Add Pin To Net: Unknown Pin: Pin J1-2
Add Pin To Net: Unknown Pin: Pin J1-3
Add Pin To Net: Unknown Pin: Pin J1-4
Add Pin To Net: Unknown Pin: Pin J1-5
Add Pin To Net: Unknown Pin: Pin J1-6
Add Pin To Net: Unknown Pin: Pin J1-7
Add Pin To Net: Unknown Pin: Pin J1-8
Add Pin To Net: Unknown Pin: Pin J1-9
Add Pin To Net: Unknown Pin: Pin J1-10
Add Pin To Net: Unknown Pin: Pin J1-12
Add Pin To Net: Unknown Pin: Pin J1-13
Add Pin To Net: Unknown Pin: Pin J1-14
Add Pin To Net: Unknown Pin: Pin J1-16
Add Pin To Net: Unknown Pin: Pin J201-1
Add Pin To Net: Unknown Pin: Pin J201-2
Add Pin To Net: Unknown Pin: Pin J201-3
Add Pin To Net: Unknown Pin: Pin J201-4
Add Pin To Net: Unknown Pin: Pin J201-5
Add Pin To Net: Unknown Pin: Pin R601-1
Add Pin To Net: Unknown Pin: Pin R601-2
Add Pin To Net: Unknown Pin: Pin R602-2
Change Class Name : Old Net Name=Designator New Net Name=Sheet 4
Added Class: Name=Sheet 1
Added Class: Name=Sheet 2
Added Class: Name=Sheet 3
Added Class: Name=Sheet 5
Added Class: Name=Sheet 6
Add Class Member: Failed to add class member : Component J1 1053101116
