Change Net Name : Old Net Name=+5 New Net Name=5V
Change Net Name : Old Net Name=NetC201_1 New Net Name=CLKi
Change Net Name : Old Net Name=NetC202_1 New Net Name=CLKo
Change Net Name : Old Net Name=NetC301(NP)_1 New Net Name=CANL_sf
Change Net Name : Old Net Name=NetC301(NP)_2 New Net Name=CANH_sf
Change Net Name : Old Net Name=NetC305_1 New Net Name=CANH
Change Net Name : Old Net Name=NetC306_2 New Net Name=CANL
Change Net Name : Old Net Name=NetC401_2 New Net Name=APPS1
Change Net Name : Old Net Name=NetC402_2 New Net Name=APPS2
Change Net Name : Old Net Name=NetC403_2 New Net Name=Brake
Change Net Name : Old Net Name=NetC404_2 New Net Name=Steering
Change Net Name : Old Net Name=NetC405_2 New Net Name=AUX_1
Change Net Name : Old Net Name=NetC406_2 New Net Name=AUX_2
Change Net Name : Old Net Name=NetF501_2 New Net Name=5V_in
Change Net Name : Old Net Name=NetR407_2 New Net Name=Suspension_FR
Change Net Name : Old Net Name=NetR408_2 New Net Name=Suspension_FL
Added Pin To Net: NetName=CAN2_ADRX Pin=TP302-1
Added Pin To Net: NetName=CAN2_ADRX Pin=U201-24
Added Pin To Net: NetName=CAN2_ADRX Pin=U301-4
Added Net: Name=CAN2_ADRX
Added Pin To Net: NetName=CAN2_ADTX Pin=TP301-1
Added Pin To Net: NetName=CAN2_ADTX Pin=U201-23
Added Pin To Net: NetName=CAN2_ADTX Pin=U301-1
Added Net: Name=CAN2_ADTX
Add Class: Class already exists: Designator
Add Class: Class already exists: Designator
Add Class: Class already exists: Designator
Added Room: Name=Designator
Added Room: Name=Designator
Added Room: Name=Designator
Added Room: Name=Designator
