Change Component Designator: Old Designator=C*? New Designator=C*4
Change Component Designator: Old Designator=C*? New Designator=C*5
Change Component Designator: Old Designator=C*? New Designator=C*6
Change Component Designator: Old Designator=C*? New Designator=C*7
Change Component Designator: Old Designator=C*? New Designator=C*8
Change Component Designator: Old Designator=C*? New Designator=C*9
Change Component Designator: Old Designator=C*? New Designator=C*10
Change Component Designator: Old Designator=CMC*? New Designator=CMC*1
Change Component Designator: Old Designator=D*? New Designator=D*4
Change Component Designator: Old Designator=J*? New Designator=J*2
Change Component Designator: Old Designator=R*? New Designator=R*4
Change Component Designator: Old Designator=R*? New Designator=R*5
Change Component Designator: Old Designator=R*? New Designator=R*6
Change Component Designator: Old Designator=TP*? New Designator=TP*1
Change Component Designator: Old Designator=TP*? New Designator=TP*2
Change Component Designator: Old Designator=TP*? New Designator=TP*3
Change Component Designator: Old Designator=TP*? New Designator=TP*4
Change Component Designator: Old Designator=TP*? New Designator=TP*5
Change Component Designator: Old Designator=TP*? New Designator=TP*6
Change Component Designator: Old Designator=U*? New Designator=U*2
