Change Component Designator: Old Designator=C*2 New Designator=C*?
Change Component Designator: Old Designator=C*3 New Designator=C*?
Change Component Designator: Old Designator=C*4 New Designator=C*?
Change Component Designator: Old Designator=C*5 New Designator=C*?
Change Component Designator: Old Designator=C*6 New Designator=C*?
Change Component Designator: Old Designator=C* New Designator=C*?
Change Component Designator: Old Designator=C* New Designator=C*?
Change Component Designator: Old Designator=CMC* New Designator=CMC*?
Change Component Designator: Old Designator=D*1 New Designator=D*?
Change Component Designator: Old Designator=J* New Designator=J*?
Change Component Designator: Old Designator=R*3 New Designator=R*?
Change Component Designator: Old Designator=R*4 New Designator=R*?
Change Component Designator: Old Designator=R* New Designator=R*?
Change Component Designator: Old Designator=TP*1 New Designator=TP*?
Change Component Designator: Old Designator=TP*2 New Designator=TP*?
Change Component Designator: Old Designator=TP*3 New Designator=TP*?
Change Component Designator: Old Designator=TP*4 New Designator=TP*?
Change Component Designator: Old Designator=TP*5 New Designator=TP*?
Change Component Designator: Old Designator=TP*6 New Designator=TP*?
Change Component Designator: Old Designator=U* New Designator=U*?
