Change Component Designator: Old Designator=C*4 New Designator=C*?
Change Component Designator: Old Designator=C*5 New Designator=C*?
Change Component Designator: Old Designator=C*6 New Designator=C*?
Change Component Designator: Old Designator=C*7 New Designator=C*?
Change Component Designator: Old Designator=C*8 New Designator=C*?
Change Component Designator: Old Designator=C*9 New Designator=C*?
Change Component Designator: Old Designator=C*10 New Designator=C*?
Change Component Designator: Old Designator=CMC*1 New Designator=CMC*?
Change Component Designator: Old Designator=D*4 New Designator=D*?
Change Component Designator: Old Designator=J*2 New Designator=J*?
Change Component Designator: Old Designator=R*4 New Designator=R*?
Change Component Designator: Old Designator=R*5 New Designator=R*?
Change Component Designator: Old Designator=R*6 New Designator=R*?
Change Component Designator: Old Designator=TP*1 New Designator=TP*?
Change Component Designator: Old Designator=TP*2 New Designator=TP*?
Change Component Designator: Old Designator=TP*3 New Designator=TP*?
Change Component Designator: Old Designator=TP*4 New Designator=TP*?
Change Component Designator: Old Designator=TP*5 New Designator=TP*?
Change Component Designator: Old Designator=TP*6 New Designator=TP*?
Change Component Designator: Old Designator=U*2 New Designator=U*?
